[2014-5-23 17:53:19] User connected with IP 127.0.0.1 on port 56501
[2014-5-23 17:54:36] Register user: abc
[2014-5-23 17:54:36] User abc registered
[2014-5-23 17:54:36] Terminating listener: Reason: normal, State: login
[2014-5-23 18:29:13] User connected with IP 127.0.0.1 on port 52143
[2014-5-23 18:29:13] User connected with IP 127.0.0.1 on port 34513
[2014-5-23 18:29:13] User connected with IP 127.0.0.1 on port 49751
[2014-5-23 18:29:13] User connected with IP 127.0.0.1 on port 37672
[2014-5-23 18:29:13] User connected with IP 127.0.0.1 on port 47387
[2014-5-23 18:29:13] User connected with IP 127.0.0.1 on port 55072
[2014-5-23 18:29:13] User connected with IP 127.0.0.1 on port 37680
[2014-5-23 18:29:13] User connected with IP 127.0.0.1 on port 55514
[2014-5-23 18:29:13] User connected with IP 127.0.0.1 on port 49300
[2014-5-23 18:29:13] User connected with IP 127.0.0.1 on port 41189
[2014-5-23 18:29:13] User disconnected unexpectedly.
[2014-5-23 18:29:13] Terminating listener: Reason: normal, State: login
[2014-5-23 18:29:13] User disconnected unexpectedly.
[2014-5-23 18:29:13] Terminating listener: Reason: normal, State: login
[2014-5-23 18:29:13] User disconnected unexpectedly.
[2014-5-23 18:29:13] Terminating listener: Reason: normal, State: login
[2014-5-23 18:29:13] User disconnected unexpectedly.
[2014-5-23 18:29:13] Terminating listener: Reason: normal, State: login
[2014-5-23 18:29:14] User disconnected unexpectedly.
[2014-5-23 18:29:14] Terminating listener: Reason: normal, State: login
[2014-5-23 18:29:14] User disconnected unexpectedly.
[2014-5-23 18:29:14] Terminating listener: Reason: normal, State: login
[2014-5-23 18:29:14] User disconnected unexpectedly.
[2014-5-23 18:29:14] Terminating listener: Reason: normal, State: login
[2014-5-23 18:29:14] User disconnected unexpectedly.
[2014-5-23 18:29:14] Terminating listener: Reason: normal, State: login
[2014-5-23 18:29:14] User disconnected unexpectedly.
[2014-5-23 18:29:14] Terminating listener: Reason: normal, State: login
[2014-5-23 18:29:14] User disconnected unexpectedly.
[2014-5-23 18:29:15] Terminating listener: Reason: normal, State: login
[2014-5-23 18:29:15] User connected with IP 127.0.0.1 on port 50334
[2014-5-23 18:29:15] Register user: ListenerUser1
[2014-5-23 18:29:15] User connected with IP 127.0.0.1 on port 58877
[2014-5-23 18:29:15] Register user: ListenerUser2
[2014-5-23 18:29:15] User connected with IP 127.0.0.1 on port 60775
[2014-5-23 18:29:15] User ListenerUser2 registered
[2014-5-23 18:29:15] Terminating listener: Reason: normal, State: login
[2014-5-23 18:29:15] User ListenerUser1 registered
[2014-5-23 18:29:15] Terminating listener: Reason: normal, State: login
[2014-5-23 18:29:15] Register user: ListenerUser3
[2014-5-23 18:29:15] User connected with IP 127.0.0.1 on port 57351
[2014-5-23 18:29:15] User ListenerUser3 registered
[2014-5-23 18:29:15] Terminating listener: Reason: normal, State: login
[2014-5-23 18:29:15] Register user: ListenerUser4
[2014-5-23 18:29:15] User connected with IP 127.0.0.1 on port 46867
[2014-5-23 18:29:16] Register user: ListenerUser5
[2014-5-23 18:29:16] User connected with IP 127.0.0.1 on port 47653
[2014-5-23 18:29:16] Register user: ListenerUser6
[2014-5-23 18:29:16] User connected with IP 127.0.0.1 on port 39986
[2014-5-23 18:29:16] Register user: ListenerUser7
[2014-5-23 18:29:16] User connected with IP 127.0.0.1 on port 57995
[2014-5-23 18:29:16] Register user: ListenerUser8
[2014-5-23 18:29:16] User connected with IP 127.0.0.1 on port 35645
[2014-5-23 18:29:16] Register user: ListenerUser9
[2014-5-23 18:29:16] User connected with IP 127.0.0.1 on port 48354
[2014-5-23 18:29:16] Register user: ListenerUser10
[2014-5-23 18:29:16] User connected with IP 127.0.0.1 on port 38339
[2014-5-23 18:29:16] Register user: ListenerUser1
[2014-5-23 18:29:16] User connected with IP 127.0.0.1 on port 44532
[2014-5-23 18:29:16] Register user: ListenerUser2
[2014-5-23 18:29:16] User ListenerUser4 registered
[2014-5-23 18:29:17] Terminating listener: Reason: normal, State: login
[2014-5-23 18:29:17] User connected with IP 127.0.0.1 on port 33869
[2014-5-23 18:29:17] Register user: ListenerUser3
[2014-5-23 18:29:17] User connected with IP 127.0.0.1 on port 33807
[2014-5-23 18:29:17] Register user: ListenerUser4
[2014-5-23 18:29:17] User ListenerUser5 registered
[2014-5-23 18:29:17] Terminating listener: Reason: normal, State: login
[2014-5-23 18:29:17] User connected with IP 127.0.0.1 on port 53983
[2014-5-23 18:29:17] Register user: ListenerUser5
[2014-5-23 18:29:17] User ListenerUser6 registered
[2014-5-23 18:29:17] Terminating listener: Reason: normal, State: login
[2014-5-23 18:29:17] User connected with IP 127.0.0.1 on port 38729
[2014-5-23 18:29:17] Register user: ListenerUser6
[2014-5-23 18:29:17] User ListenerUser7 registered
[2014-5-23 18:29:17] Terminating listener: Reason: normal, State: login
[2014-5-23 18:29:17] User connected with IP 127.0.0.1 on port 53174
[2014-5-23 18:29:17] Register user: ListenerUser7
[2014-5-23 18:29:18] User ListenerUser8 registered
[2014-5-23 18:29:18] Terminating listener: Reason: normal, State: login
[2014-5-23 18:29:18] User connected with IP 127.0.0.1 on port 51918
[2014-5-23 18:29:18] Register user: ListenerUser8
[2014-5-23 18:29:18] User ListenerUser9 registered
[2014-5-23 18:29:18] Terminating listener: Reason: normal, State: login
[2014-5-23 18:29:18] User connected with IP 127.0.0.1 on port 53293
[2014-5-23 18:29:18] Register user: ListenerUser9
[2014-5-23 18:29:18] User ListenerUser10 registered
[2014-5-23 18:29:18] Terminating listener: Reason: normal, State: login
[2014-5-23 18:29:18] User connected with IP 127.0.0.1 on port 42587
[2014-5-23 18:29:18] Register user: ListenerUser10
[2014-5-23 18:29:18] User ListenerUser1 already registered
[2014-5-23 18:29:18] Terminating listener: Reason: normal, State: login
[2014-5-23 18:29:18] User ListenerUser2 already registered
[2014-5-23 18:29:19] Terminating listener: Reason: normal, State: login
[2014-5-23 18:29:19] User connected with IP 127.0.0.1 on port 48799
[2014-5-23 18:29:19] User connected with IP 127.0.0.1 on port 55131
[2014-5-23 18:29:19] User ListenerUser3 already registered
[2014-5-23 18:29:19] Terminating listener: Reason: normal, State: login
[2014-5-23 18:29:19] User connected with IP 127.0.0.1 on port 49467
[2014-5-23 18:29:19] User ListenerUser4 already registered
[2014-5-23 18:29:19] Terminating listener: Reason: normal, State: login
[2014-5-23 18:29:19] User connected with IP 127.0.0.1 on port 45340
[2014-5-23 18:29:19] User connected with IP 127.0.0.1 on port 55622
[2014-5-23 18:29:19] User ListenerUser5 already registered
[2014-5-23 18:29:19] Terminating listener: Reason: normal, State: login
[2014-5-23 18:29:19] User connected with IP 127.0.0.1 on port 44083
[2014-5-23 18:29:20] User ListenerUser6 already registered
[2014-5-23 18:29:20] Terminating listener: Reason: normal, State: login
[2014-5-23 18:29:20] User connected with IP 127.0.0.1 on port 54080
[2014-5-23 18:29:20] User ListenerUser7 already registered
[2014-5-23 18:29:20] Terminating listener: Reason: normal, State: login
[2014-5-23 18:29:20] User connected with IP 127.0.0.1 on port 52275
[2014-5-23 18:29:20] User ListenerUser8 already registered
[2014-5-23 18:29:20] Terminating listener: Reason: normal, State: login
[2014-5-23 18:29:20] User connected with IP 127.0.0.1 on port 53313
[2014-5-23 18:29:20] User ListenerUser9 already registered
[2014-5-23 18:29:20] Terminating listener: Reason: normal, State: login
[2014-5-23 18:29:20] User connected with IP 127.0.0.1 on port 54566
[2014-5-23 18:29:20] User ListenerUser10 already registered
[2014-5-23 18:29:20] Terminating listener: Reason: normal, State: login
[2014-5-23 18:29:21] User connected with IP 127.0.0.1 on port 47605
[2014-5-23 18:29:21] Logged in UID 841
[2014-5-23 18:29:21] Spawned new client_serv for UID 841
[2014-5-23 18:29:21] Terminating listener: Reason: normal, State: login
[2014-5-23 18:29:21] Socket transfer for UID 841
[2014-5-23 18:29:21] User connected with IP 127.0.0.1 on port 41292
[2014-5-23 18:29:21] Logged in UID 840
[2014-5-23 18:29:21] Spawned new client_serv for UID 840
[2014-5-23 18:29:21] Terminating listener: Reason: normal, State: login
[2014-5-23 18:29:21] Socket transfer for UID 840
[2014-5-23 18:29:21] User connected with IP 127.0.0.1 on port 55945
[2014-5-23 18:29:22] User connected with IP 127.0.0.1 on port 47964
[2014-5-23 18:29:22] Logged in UID 842
[2014-5-23 18:29:22] Spawned new client_serv for UID 842
[2014-5-23 18:29:22] Terminating listener: Reason: normal, State: login
[2014-5-23 18:29:22] Socket transfer for UID 842
[2014-5-23 18:29:22] User connected with IP 127.0.0.1 on port 43425
[2014-5-23 18:29:22] Logged in UID 843
[2014-5-23 18:29:22] Spawned new client_serv for UID 843
[2014-5-23 18:29:22] User connected with IP 127.0.0.1 on port 44028
[2014-5-23 18:29:22] Terminating listener: Reason: normal, State: login
[2014-5-23 18:29:22] Socket transfer for UID 843
[2014-5-23 18:29:22] Logged in UID 844
[2014-5-23 18:29:22] User connected with IP 127.0.0.1 on port 47995
[2014-5-23 18:29:22] Spawned new client_serv for UID 844
[2014-5-23 18:29:22] Terminating listener: Reason: normal, State: login
[2014-5-23 18:29:22] Socket transfer for UID 844
[2014-5-23 18:29:22] User connected with IP 127.0.0.1 on port 52502
[2014-5-23 18:29:23] Logged in UID 845
[2014-5-23 18:29:23] Spawned new client_serv for UID 845
[2014-5-23 18:29:23] User connected with IP 127.0.0.1 on port 37768
[2014-5-23 18:29:23] Terminating listener: Reason: normal, State: login
[2014-5-23 18:29:23] Socket transfer for UID 845
[2014-5-23 18:29:23] Logged in UID 846
[2014-5-23 18:29:23] User connected with IP 127.0.0.1 on port 47698
[2014-5-23 18:29:23] Spawned new client_serv for UID 846
[2014-5-23 18:29:23] Terminating listener: Reason: normal, State: login
[2014-5-23 18:29:23] Socket transfer for UID 846
[2014-5-23 18:29:23] Logged in UID 847
[2014-5-23 18:29:23] Spawned new client_serv for UID 847
[2014-5-23 18:29:23] Terminating listener: Reason: normal, State: login
[2014-5-23 18:29:23] Socket transfer for UID 847
[2014-5-23 18:29:23] Logged in UID 848
[2014-5-23 18:29:23] Spawned new client_serv for UID 848
[2014-5-23 18:29:23] Terminating listener: Reason: normal, State: login
[2014-5-23 18:29:24] Socket transfer for UID 848
[2014-5-23 18:29:24] Logged in UID 849
[2014-5-23 18:29:24] Spawned new client_serv for UID 849
[2014-5-23 18:29:24] Terminating listener: Reason: normal, State: login
[2014-5-23 18:29:24] Socket transfer for UID 849
[2014-5-23 18:29:24] Logged in UID 841
[2014-5-23 18:29:24] Could not spawn new client serv process for UID 841
[2014-5-23 18:29:24] Terminating listener: Reason: normal, State: login
[2014-5-23 18:29:24] Logged in UID 840
[2014-5-23 18:29:24] Could not spawn new client serv process for UID 840
[2014-5-23 18:29:24] Logged in UID 842
[2014-5-23 18:29:24] Could not spawn new client serv process for UID 842
[2014-5-23 18:29:24] Logged in UID 843
[2014-5-23 18:29:24] Could not spawn new client serv process for UID 843
[2014-5-23 18:29:24] Logged in UID 844
[2014-5-23 18:29:24] Could not spawn new client serv process for UID 844
[2014-5-23 18:29:24] Logged in UID 845
[2014-5-23 18:29:25] Could not spawn new client serv process for UID 845
[2014-5-23 18:29:25] Logged in UID 846
[2014-5-23 18:29:25] Could not spawn new client serv process for UID 846
[2014-5-23 18:29:25] Logged in UID 847
[2014-5-23 18:29:25] Could not spawn new client serv process for UID 847
[2014-5-23 18:29:25] Logged in UID 848
[2014-5-23 18:29:25] Could not spawn new client serv process for UID 848
[2014-5-23 18:29:25] Logged in UID 849
[2014-5-23 18:29:25] Could not spawn new client serv process for UID 849
[2014-5-23 18:29:25] Terminating listener: Reason: normal, State: login
[2014-5-23 18:29:25] Terminating listener: Reason: normal, State: login
[2014-5-23 18:29:25] Terminating listener: Reason: normal, State: login
[2014-5-23 18:29:25] Terminating listener: Reason: normal, State: login
[2014-5-23 18:29:25] Terminating listener: Reason: normal, State: login
[2014-5-23 18:29:25] Terminating listener: Reason: normal, State: login
[2014-5-23 18:29:26] Terminating listener: Reason: normal, State: login
[2014-5-23 18:29:26] Terminating listener: Reason: normal, State: login
[2014-5-23 18:29:26] Terminating listener: Reason: normal, State: login
[2014-5-23 18:29:27] UID 849 disconnected unexpectedly
[2014-5-23 18:29:28] UID 843 disconnected unexpectedly
[2014-5-23 18:29:28] UID 847 disconnected unexpectedly
[2014-5-23 18:29:28] UID 844 disconnected unexpectedly
[2014-5-23 18:29:28] UID 841 disconnected unexpectedly
[2014-5-23 18:29:28] UID 842 disconnected unexpectedly
[2014-5-23 18:29:28] UID 840 disconnected unexpectedly
[2014-5-23 18:29:28] UID 845 disconnected unexpectedly
[2014-5-23 18:29:28] UID 848 disconnected unexpectedly
[2014-5-23 18:29:28] UID 846 disconnected unexpectedly
[2014-5-23 18:29:28] Logged out UID 849
[2014-5-23 18:29:28] Terminating client server in state main
[2014-5-23 18:29:28] Logged out UID 843
[2014-5-23 18:29:28] Terminating client server in state main
[2014-5-23 18:29:28] Logged out UID 847
[2014-5-23 18:29:28] Terminating client server in state main
[2014-5-23 18:29:28] Logged out UID 844
[2014-5-23 18:29:29] Terminating client server in state main
[2014-5-23 18:29:29] Logged out UID 841
[2014-5-23 18:29:29] Terminating client server in state main
[2014-5-23 18:29:29] Logged out UID 842
[2014-5-23 18:29:29] Terminating client server in state main
[2014-5-23 18:29:29] Logged out UID 840
[2014-5-23 18:29:29] Terminating client server in state main
[2014-5-23 18:29:29] Logged out UID 845
[2014-5-23 18:29:29] Terminating client server in state main
[2014-5-23 18:29:29] Logged out UID 848
[2014-5-23 18:29:29] Terminating client server in state main
[2014-5-23 18:29:29] Logged out UID 846
[2014-5-23 18:29:29] Terminating client server in state main
[2014-5-23 18:29:41] User connected with IP 127.0.0.1 on port 36098
[2014-5-23 18:29:41] Logged in UID 852
[2014-5-23 18:29:41] Spawned new client_serv for UID 852
[2014-5-23 18:29:41] Terminating listener: Reason: normal, State: login
[2014-5-23 18:29:41] Socket transfer for UID 852
[2014-5-23 18:29:41] User connected with IP 127.0.0.1 on port 58415
[2014-5-23 18:29:41] Logged in UID 853
[2014-5-23 18:29:41] Spawned new client_serv for UID 853
[2014-5-23 18:29:42] Terminating listener: Reason: normal, State: login
[2014-5-23 18:29:42] Socket transfer for UID 853
[2014-5-23 18:29:42] User connected with IP 127.0.0.1 on port 53631
[2014-5-23 18:29:42] Logged in UID 854
[2014-5-23 18:29:42] Spawned new client_serv for UID 854
[2014-5-23 18:29:42] Terminating listener: Reason: normal, State: login
[2014-5-23 18:29:42] Socket transfer for UID 854
[2014-5-23 18:29:42] User connected with IP 127.0.0.1 on port 49697
[2014-5-23 18:29:42] Logged in UID 855
[2014-5-23 18:29:42] Spawned new client_serv for UID 855
[2014-5-23 18:29:42] Terminating listener: Reason: normal, State: login
[2014-5-23 18:29:42] Socket transfer for UID 855
[2014-5-23 18:29:42] User connected with IP 127.0.0.1 on port 35905
[2014-5-23 18:29:42] Logged in UID 856
[2014-5-23 18:29:42] Spawned new client_serv for UID 856
[2014-5-23 18:29:43] Terminating listener: Reason: normal, State: login
[2014-5-23 18:29:43] Socket transfer for UID 856
[2014-5-23 18:29:43] User connected with IP 127.0.0.1 on port 58412
[2014-5-23 18:29:43] Logged in UID 857
[2014-5-23 18:29:43] Spawned new client_serv for UID 857
[2014-5-23 18:29:43] Terminating listener: Reason: normal, State: login
[2014-5-23 18:29:43] Socket transfer for UID 857
[2014-5-23 18:29:43] User connected with IP 127.0.0.1 on port 56251
[2014-5-23 18:29:43] Logged in UID 858
[2014-5-23 18:29:43] Spawned new client_serv for UID 858
[2014-5-23 18:29:43] Terminating listener: Reason: normal, State: login
[2014-5-23 18:29:43] Socket transfer for UID 858
[2014-5-23 18:29:43] User connected with IP 127.0.0.1 on port 37582
[2014-5-23 18:29:44] Logged in UID 859
[2014-5-23 18:29:44] Spawned new client_serv for UID 859
[2014-5-23 18:29:44] Terminating listener: Reason: normal, State: login
[2014-5-23 18:29:44] Socket transfer for UID 859
[2014-5-23 18:29:44] User connected with IP 127.0.0.1 on port 48710
[2014-5-23 18:29:44] Logged in UID 860
[2014-5-23 18:29:44] Spawned new client_serv for UID 860
[2014-5-23 18:29:44] Terminating listener: Reason: normal, State: login
[2014-5-23 18:29:44] Socket transfer for UID 860
[2014-5-23 18:29:44] User connected with IP 127.0.0.1 on port 54527
[2014-5-23 18:29:45] Logged in UID 861
[2014-5-23 18:29:45] Spawned new client_serv for UID 861
[2014-5-23 18:29:45] Terminating listener: Reason: normal, State: login
[2014-5-23 18:29:45] Socket transfer for UID 861
[2014-5-23 18:29:47] UID 861 disconnected unexpectedly
[2014-5-23 18:29:47] UID 852 disconnected unexpectedly
[2014-5-23 18:29:47] UID 860 disconnected unexpectedly
[2014-5-23 18:29:47] UID 853 disconnected unexpectedly
[2014-5-23 18:29:47] UID 857 disconnected unexpectedly
[2014-5-23 18:29:47] UID 854 disconnected unexpectedly
[2014-5-23 18:29:47] UID 858 disconnected unexpectedly
[2014-5-23 18:29:47] UID 855 disconnected unexpectedly
[2014-5-23 18:29:48] UID 859 disconnected unexpectedly
[2014-5-23 18:29:48] UID 856 disconnected unexpectedly
[2014-5-23 18:29:48] Logged out UID 861
[2014-5-23 18:29:48] Terminating client server in state main
[2014-5-23 18:29:48] Logged out UID 852
[2014-5-23 18:29:48] Terminating client server in state main
[2014-5-23 18:29:48] Logged out UID 860
[2014-5-23 18:29:48] Terminating client server in state main
[2014-5-23 18:29:48] Logged out UID 853
[2014-5-23 18:29:48] Terminating client server in state main
[2014-5-23 18:29:48] Logged out UID 857
[2014-5-23 18:29:48] Terminating client server in state main
[2014-5-23 18:29:48] Logged out UID 854
[2014-5-23 18:29:48] Terminating client server in state main
[2014-5-23 18:29:48] Logged out UID 858
[2014-5-23 18:29:48] Terminating client server in state main
[2014-5-23 18:29:48] Logged out UID 855
[2014-5-23 18:29:49] Terminating client server in state main
[2014-5-23 18:29:49] Logged out UID 859
[2014-5-23 18:29:49] Terminating client server in state main
[2014-5-23 18:29:49] Logged out UID 856
[2014-5-23 18:29:49] Terminating client server in state main
[2014-5-23 19:3:54] User connected with IP 127.0.0.1 on port 53717
[2014-5-23 19:4:18] Logged in UID 703
[2014-5-23 19:4:18] Spawned new client_serv for UID 703
[2014-5-23 19:4:18] Terminating listener: Reason: normal, State: login
[2014-5-23 19:4:18] Socket transfer for UID 703
[2014-5-23 19:4:42] Logged out UID 703
[2014-5-23 19:4:42] Terminating client server in state main
[2014-5-23 19:5:7] User connected with IP 127.0.0.1 on port 54626
[2014-5-23 19:5:10] Logged in UID 703
[2014-5-23 19:5:10] Spawned new client_serv for UID 703
[2014-5-23 19:5:10] Terminating listener: Reason: normal, State: login
[2014-5-23 19:5:10] Socket transfer for UID 703
[2014-5-23 19:6:21] User connected with IP 127.0.0.1 on port 59613
[2014-5-23 19:6:31] Logged in UID 703
[2014-5-23 19:6:31] Could not spawn new client serv process for UID 703
[2014-5-23 19:6:31] Terminating listener: Reason: normal, State: login
[2014-5-23 19:10:29] User connected with IP 127.0.0.1 on port 35106
[2014-5-23 19:10:39] Login failed because wrong password
[2014-5-23 19:10:39] Terminating listener: Reason: normal, State: login
[2014-5-23 19:10:42] UID 703 disconnected unexpectedly
[2014-5-23 19:10:42] Logged out UID 703
[2014-5-23 19:10:42] Terminating client server in state main
[2014-5-23 20:2:20] User connected with IP 127.0.0.1 on port 50648
[2014-5-23 20:2:29] Logged in UID 703
[2014-5-23 20:2:29] Spawned new client_serv for UID 703
[2014-5-23 20:2:29] Terminating listener: Reason: normal, State: login
[2014-5-23 20:2:29] Socket transfer for UID 703
[2014-5-23 20:2:39] User connected with IP 127.0.0.1 on port 50719
[2014-5-23 20:2:45] Logged in UID 703
[2014-5-23 20:2:45] Could not spawn new client serv process for UID 703
[2014-5-23 20:2:45] Terminating listener: Reason: normal, State: login
[2014-5-23 20:4:39] Logged out UID 703
[2014-5-23 20:4:39] Terminating client server in state main
[2014-5-23 20:6:10] User connected with IP 127.0.0.1 on port 48955
[2014-5-23 20:6:10] User disconnected unexpectedly.
[2014-5-23 20:6:10] Terminating listener: Reason: normal, State: login
[2014-5-23 20:6:21] User connected with IP 127.0.0.1 on port 39864
[2014-5-23 20:6:29] Logged in UID 703
[2014-5-23 20:6:29] Spawned new client_serv for UID 703
[2014-5-23 20:6:29] Terminating listener: Reason: normal, State: login
[2014-5-23 20:6:30] Socket transfer for UID 703
[2014-5-23 20:6:46] User connected with IP 127.0.0.1 on port 59203
[2014-5-23 20:6:53] Logged in UID 703
[2014-5-23 20:6:53] Could not spawn new client serv process for UID 703
[2014-5-23 20:6:53] Terminating listener: Reason: normal, State: login
[2014-5-23 20:7:12] User connected with IP 127.0.0.1 on port 50749
[2014-5-23 20:7:26] Login failed because wrong password
[2014-5-23 20:7:26] Terminating listener: Reason: normal, State: login
[2014-5-23 20:8:17] User connected with IP 127.0.0.1 on port 55800
[2014-5-23 20:8:23] Login failed because wrong password
[2014-5-23 20:8:23] Terminating listener: Reason: normal, State: login
[2014-5-23 20:8:40] User connected with IP 127.0.0.1 on port 47850
[2014-5-23 20:8:54] Login failed because wrong username
[2014-5-23 20:8:54] Terminating listener: Reason: normal, State: login
[2014-5-23 20:9:27] Logged out UID 703
[2014-5-23 20:9:27] Terminating client server in state main
[2014-5-23 22:24:53] User connected with IP 127.0.0.1 on port 54216
[2014-5-23 22:25:21] Logged in UID 703
[2014-5-23 22:25:21] Spawned new client_serv for UID 703
[2014-5-23 22:25:21] Terminating listener: Reason: normal, State: login
[2014-5-23 22:25:21] Socket transfer for UID 703
[2014-5-23 22:27:36] Match request made by UID 703 for 703 distance 2
[2014-5-23 22:41:8] UID 703 disconnected unexpectedly
[2014-5-23 22:41:8] Logged out UID 703
[2014-5-23 22:41:8] Terminating client server in state main
